  stdafx.cpp
  Corrector.cpp
c:\users\p7_jl\source\repos\corrector\corrector\corrector.cpp(26): error C4996: 'strcpy': This function or variable may be unsafe. Consider using strcpy_s instead. To disable deprecation, use _CRT_SECURE_NO_WARNINGS. See online help for details.
  c:\program files (x86)\windows kits\10\include\10.0.17134.0\ucrt\string.h(133): note: vea la declaración de 'strcpy'
c:\users\p7_jl\source\repos\corrector\corrector\corrector.cpp(16): warning C4101: 'szPalabrasSugeridas': variable local sin referencia
c:\users\p7_jl\source\repos\corrector\corrector\corrector.cpp(15): warning C4101: 'szPalabraLeida': variable local sin referencia
c:\users\p7_jl\source\repos\corrector\corrector\corrector.cpp(19): warning C4101: 'iNumLista': variable local sin referencia
c:\users\p7_jl\source\repos\corrector\corrector\corrector.cpp(17): warning C4101: 'szListaFinal': variable local sin referencia
c:\users\p7_jl\source\repos\corrector\corrector\corrector.cpp(14): warning C4101: 'iNumSugeridas': variable local sin referencia
c:\users\p7_jl\source\repos\corrector\corrector\corrector.cpp(18): warning C4101: 'iPeso': variable local sin referencia
  Diccionario.cpp
c:\users\p7_jl\source\repos\corrector\corrector\diccionario.cpp(8): warning C4309: 'inicializando': truncamiento de valor constante
c:\users\p7_jl\source\repos\corrector\corrector\diccionario.cpp(38): error C4996: 'strcpy': This function or variable may be unsafe. Consider using strcpy_s instead. To disable deprecation, use _CRT_SECURE_NO_WARNINGS. See online help for details.
  c:\program files (x86)\windows kits\10\include\10.0.17134.0\ucrt\string.h(133): note: vea la declaración de 'strcpy'
c:\users\p7_jl\source\repos\corrector\corrector\diccionario.cpp(42): error C4996: 'strcpy': This function or variable may be unsafe. Consider using strcpy_s instead. To disable deprecation, use _CRT_SECURE_NO_WARNINGS. See online help for details.
  c:\program files (x86)\windows kits\10\include\10.0.17134.0\ucrt\string.h(133): note: vea la declaración de 'strcpy'
c:\users\p7_jl\source\repos\corrector\corrector\diccionario.cpp(20): error C4996: 'fopen': This function or variable may be unsafe. Consider using fopen_s instead. To disable deprecation, use _CRT_SECURE_NO_WARNINGS. See online help for details.
  c:\program files (x86)\windows kits\10\include\10.0.17134.0\ucrt\stdio.h(208): note: vea la declaración de 'fopen'
c:\users\p7_jl\source\repos\corrector\corrector\diccionario.cpp(26): error C4996: 'fscanf': This function or variable may be unsafe. Consider using fscanf_s instead. To disable deprecation, use _CRT_SECURE_NO_WARNINGS. See online help for details.
  c:\program files (x86)\windows kits\10\include\10.0.17134.0\ucrt\stdio.h(1197): note: vea la declaración de 'fscanf'
c:\users\p7_jl\source\repos\corrector\corrector\diccionario.cpp(81): warning C4101: 'i': variable local sin referencia
c:\users\p7_jl\source\repos\corrector\corrector\diccionario.cpp(123): error C4996: 'strcpy': This function or variable may be unsafe. Consider using strcpy_s instead. To disable deprecation, use _CRT_SECURE_NO_WARNINGS. See online help for details.
  c:\program files (x86)\windows kits\10\include\10.0.17134.0\ucrt\string.h(133): note: vea la declaración de 'strcpy'
